build_android/android-build/build/intermediates/manifest_merge_blame_file/debug/processDebugMainManifest/manifest-merger-blame-debug-report.txt
1<?xml version="1.0" encoding="utf-8"?>
2<manifest xmlns:android="http://schemas.android.com/apk/res/android"
3    package="com.emilio.koalaklone"
4    android:installLocation="auto"
5    android:versionCode="1"
6    android:versionName="1.0" >
7
8    <uses-sdk
9        android:minSdkVersion="28"
10        android:targetSdkVersion="36" />
11
12    <uses-permission android:name="android.permission.ACCESS_NETWORK_STATE" />
12-->build_android/android-build/AndroidManifest.xml:7:5-80
12-->build_android/android-build/AndroidManifest.xml:7:22-76
13    <uses-permission android:name="android.permission.BLUETOOTH" />
13-->build_android/android-build/AndroidManifest.xml:8:5-69
13-->build_android/android-build/AndroidManifest.xml:8:22-65
14    <uses-permission android:name="android.permission.CAMERA" />
14-->build_android/android-build/AndroidManifest.xml:9:5-66
14-->build_android/android-build/AndroidManifest.xml:9:22-62
15    <uses-permission android:name="android.permission.INTERNET" />
15-->build_android/android-build/AndroidManifest.xml:10:5-68
15-->build_android/android-build/AndroidManifest.xml:10:22-64
16    <uses-permission android:name="android.permission.MODIFY_AUDIO_SETTINGS" />
16-->build_android/android-build/AndroidManifest.xml:11:5-81
16-->build_android/android-build/AndroidManifest.xml:11:22-77
17    <uses-permission android:name="android.permission.RECORD_AUDIO" />
17-->build_android/android-build/AndroidManifest.xml:12:5-72
17-->build_android/android-build/AndroidManifest.xml:12:22-68
18    <uses-permission android:name="android.permission.WRITE_EXTERNAL_STORAGE" />
18-->build_android/android-build/AndroidManifest.xml:13:5-82
18-->build_android/android-build/AndroidManifest.xml:13:22-78
19
20    <supports-screens
20-->build_android/android-build/AndroidManifest.xml:14:5-18:39
21        android:anyDensity="true"
21-->build_android/android-build/AndroidManifest.xml:15:9-34
22        android:largeScreens="true"
22-->build_android/android-build/AndroidManifest.xml:16:9-36
23        android:normalScreens="true"
23-->build_android/android-build/AndroidManifest.xml:17:9-37
24        android:smallScreens="true" />
24-->build_android/android-build/AndroidManifest.xml:18:9-36
25
26    <permission
26-->[androidx.core:core:1.16.0] AndroidManifest.xml:22:5-24:47
27        android:name="com.emilio.koalaklone.DYNAMIC_RECEIVER_NOT_EXPORTED_PERMISSION"
27-->[androidx.core:core:1.16.0] AndroidManifest.xml:23:9-81
28        android:protectionLevel="signature" />
28-->[androidx.core:core:1.16.0] AndroidManifest.xml:24:9-44
29
30    <uses-permission android:name="com.emilio.koalaklone.DYNAMIC_RECEIVER_NOT_EXPORTED_PERMISSION" />
30-->[androidx.core:core:1.16.0] AndroidManifest.xml:26:5-97
30-->[androidx.core:core:1.16.0] AndroidManifest.xml:26:22-94
31
32    <application
32-->build_android/android-build/AndroidManifest.xml:19:5-56:19
33        android:name="org.qtproject.qt.android.bindings.QtApplication"
33-->build_android/android-build/AndroidManifest.xml:20:9-71
34        android:allowBackup="true"
34-->build_android/android-build/AndroidManifest.xml:24:9-35
35        android:appComponentFactory="androidx.core.app.CoreComponentFactory"
35-->[androidx.core:core:1.16.0] AndroidManifest.xml:28:18-86
36        android:debuggable="true"
37        android:extractNativeLibs="false"
38        android:fullBackupOnly="false"
38-->build_android/android-build/AndroidManifest.xml:25:9-39
39        android:hardwareAccelerated="true"
39-->build_android/android-build/AndroidManifest.xml:21:9-43
40        android:label="appKoalaKlone"
40-->build_android/android-build/AndroidManifest.xml:22:9-38
41        android:requestLegacyExternalStorage="true" >
41-->build_android/android-build/AndroidManifest.xml:23:9-52
42        <activity
42-->build_android/android-build/AndroidManifest.xml:26:9-45:20
43            android:name="org.qtproject.qt.android.bindings.QtActivity"
43-->build_android/android-build/AndroidManifest.xml:27:13-72
44            android:configChanges="orientation|uiMode|screenLayout|screenSize|smallestScreenSize|layoutDirection|locale|fontScale|keyboard|keyboardHidden|navigation|mcc|mnc|density"
44-->build_android/android-build/AndroidManifest.xml:28:13-182
45            android:exported="true"
45-->build_android/android-build/AndroidManifest.xml:32:13-36
46            android:label="appKoalaKlone"
46-->build_android/android-build/AndroidManifest.xml:29:13-42
47            android:launchMode="singleTop"
47-->build_android/android-build/AndroidManifest.xml:30:13-43
48            android:screenOrientation="unspecified" >
48-->build_android/android-build/AndroidManifest.xml:31:13-52
49            <intent-filter>
49-->build_android/android-build/AndroidManifest.xml:33:13-36:29
50                <action android:name="android.intent.action.MAIN" />
50-->build_android/android-build/AndroidManifest.xml:34:17-69
50-->build_android/android-build/AndroidManifest.xml:34:25-66
51
52                <category android:name="android.intent.category.LAUNCHER" />
52-->build_android/android-build/AndroidManifest.xml:35:17-77
52-->build_android/android-build/AndroidManifest.xml:35:27-74
53            </intent-filter>
54
55            <meta-data
55-->build_android/android-build/AndroidManifest.xml:38:11-40:49
56                android:name="android.app.lib_name"
56-->build_android/android-build/AndroidManifest.xml:39:17-52
57                android:value="appKoalaKlone" />
57-->build_android/android-build/AndroidManifest.xml:40:17-46
58            <meta-data
58-->build_android/android-build/AndroidManifest.xml:42:11-44:36
59                android:name="android.app.arguments"
59-->build_android/android-build/AndroidManifest.xml:43:17-53
60                android:value="" />
60-->build_android/android-build/AndroidManifest.xml:44:17-33
61        </activity>
62
63        <provider
64            android:name="androidx.core.content.FileProvider"
64-->build_android/android-build/AndroidManifest.xml:48:13-62
65            android:authorities="com.emilio.koalaklone.qtprovider"
65-->build_android/android-build/AndroidManifest.xml:49:13-62
66            android:exported="false"
66-->build_android/android-build/AndroidManifest.xml:50:13-37
67            android:grantUriPermissions="true" >
67-->build_android/android-build/AndroidManifest.xml:51:13-47
68            <meta-data
68-->build_android/android-build/AndroidManifest.xml:52:13-54:59
69                android:name="android.support.FILE_PROVIDER_PATHS"
69-->build_android/android-build/AndroidManifest.xml:53:17-67
70                android:resource="@xml/qtprovider_paths" />
70-->build_android/android-build/AndroidManifest.xml:54:17-57
71        </provider>
72        <provider
72-->[androidx.profileinstaller:profileinstaller:1.3.0] AndroidManifest.xml:24:9-32:20
73            android:name="androidx.startup.InitializationProvider"
73-->[androidx.profileinstaller:profileinstaller:1.3.0] AndroidManifest.xml:25:13-67
74            android:authorities="com.emilio.koalaklone.androidx-startup"
74-->[androidx.profileinstaller:profileinstaller:1.3.0] AndroidManifest.xml:26:13-68
75            android:exported="false" >
75-->[androidx.profileinstaller:profileinstaller:1.3.0] AndroidManifest.xml:27:13-37
76            <meta-data
76-->[androidx.profileinstaller:profileinstaller:1.3.0] AndroidManifest.xml:29:13-31:52
77                android:name="androidx.profileinstaller.ProfileInstallerInitializer"
77-->[androidx.profileinstaller:profileinstaller:1.3.0] AndroidManifest.xml:30:17-85
78                android:value="androidx.startup" />
78-->[androidx.profileinstaller:profileinstaller:1.3.0] AndroidManifest.xml:31:17-49
79        </provider>
80
81        <receiver
81-->[androidx.profileinstaller:profileinstaller:1.3.0] AndroidManifest.xml:34:9-52:20
82            android:name="androidx.profileinstaller.ProfileInstallReceiver"
82-->[androidx.profileinstaller:profileinstaller:1.3.0] AndroidManifest.xml:35:13-76
83            android:directBootAware="false"
83-->[androidx.profileinstaller:profileinstaller:1.3.0] AndroidManifest.xml:36:13-44
84            android:enabled="true"
84-->[androidx.profileinstaller:profileinstaller:1.3.0] AndroidManifest.xml:37:13-35
85            android:exported="true"
85-->[androidx.profileinstaller:profileinstaller:1.3.0] AndroidManifest.xml:38:13-36
86            android:permission="android.permission.DUMP" >
86-->[androidx.profileinstaller:profileinstaller:1.3.0] AndroidManifest.xml:39:13-57
87            <intent-filter>
87-->[androidx.profileinstaller:profileinstaller:1.3.0] AndroidManifest.xml:40:13-42:29
88                <action android:name="androidx.profileinstaller.action.INSTALL_PROFILE" />
88-->[androidx.profileinstaller:profileinstaller:1.3.0] AndroidManifest.xml:41:17-91
88-->[androidx.profileinstaller:profileinstaller:1.3.0] AndroidManifest.xml:41:25-88
89            </intent-filter>
90            <intent-filter>
90-->[androidx.profileinstaller:profileinstaller:1.3.0] AndroidManifest.xml:43:13-45:29
91                <action android:name="androidx.profileinstaller.action.SKIP_FILE" />
91-->[androidx.profileinstaller:profileinstaller:1.3.0] AndroidManifest.xml:44:17-85
91-->[androidx.profileinstaller:profileinstaller:1.3.0] AndroidManifest.xml:44:25-82
92            </intent-filter>
93            <intent-filter>
93-->[androidx.profileinstaller:profileinstaller:1.3.0] AndroidManifest.xml:46:13-48:29
94                <action android:name="androidx.profileinstaller.action.SAVE_PROFILE" />
94-->[androidx.profileinstaller:profileinstaller:1.3.0] AndroidManifest.xml:47:17-88
94-->[androidx.profileinstaller:profileinstaller:1.3.0] AndroidManifest.xml:47:25-85
95            </intent-filter>
96            <intent-filter>
96-->[androidx.profileinstaller:profileinstaller:1.3.0] AndroidManifest.xml:49:13-51:29
97                <action android:name="androidx.profileinstaller.action.BENCHMARK_OPERATION" />
97-->[androidx.profileinstaller:profileinstaller:1.3.0] AndroidManifest.xml:50:17-95
97-->[androidx.profileinstaller:profileinstaller:1.3.0] AndroidManifest.xml:50:25-92
98            </intent-filter>
99        </receiver>
100    </application>
101
102</manifest>